{
  "stats": {
    "suites": 2,
    "tests": 2,
    "passes": 1,
    "pending": 0,
    "failures": 1,
    "start": "2024-04-24T14:33:13.379Z",
    "end": "2024-04-24T14:33:13.761Z",
    "duration": 382,
    "testsRegistered": 3,
    "passPercent": 33.33333333333333,
    "pendingPercent": 0,
    "other": 0,
    "hasOther": false,
    "skipped": 1,
    "hasSkipped": true
  },
  "results": [
    {
      "uuid": "b4832643-c967-4e8b-8ee7-7144c8d0c1de",
      "title": "",
      "fullFile": "",
      "file": "",
      "beforeHooks": [],
      "afterHooks": [],
      "tests": [],
      "suites": [
        {
          "uuid": "bec13dd5-510e-4802-afbd-77b2ba4ffeab",
          "title": "GET List of all Objects",
          "fullFile": "/Users/a1234/Documents/QA /materi 7/test/GET_list_of_all_object.js",
          "file": "/test/GET_list_of_all_object.js",
          "beforeHooks": [],
          "afterHooks": [],
          "tests": [
            {
              "title": "succes Get List of all Objects",
              "fullTitle": "GET List of all Objects succes Get List of all Objects",
              "timedOut": false,
              "duration": 1,
              "state": "failed",
              "speed": null,
              "pass": false,
              "fail": true,
              "pending": false,
              "context": null,
              "code": "const response = await supertest(baseURL).get('/objects')\nconsole.log(response.body)\n// expect(response.status).equal(200)",
              "err": {
                "message": "TypeError: Cannot read properties of undefined (reading 'address')",
                "estack": "TypeError: Cannot read properties of undefined (reading 'address')\n    at Test.serverAddress (node_modules/supertest/lib/test.js:46:22)\n    at new Test (node_modules/supertest/lib/test.js:34:14)\n    at obj.<computed> [as get] (node_modules/supertest/index.js:43:18)\n    at Context.<anonymous> (test/GET_list_of_all_object.js:8:51)\n    at process.processImmediate (node:internal/timers:478:21)",
                "diff": null
              },
              "uuid": "401278fc-1d06-4a49-b40a-471b72b0852d",
              "parentUUID": "bec13dd5-510e-4802-afbd-77b2ba4ffeab",
              "isHook": false,
              "skipped": false
            }
          ],
          "suites": [],
          "passes": [],
          "failures": [
            "401278fc-1d06-4a49-b40a-471b72b0852d"
          ],
          "pending": [],
          "skipped": [],
          "duration": 1,
          "root": false,
          "rootEmpty": false,
          "_timeout": 2000
        },
        {
          "uuid": "2de9ce21-4887-47e1-a568-215fe9aadd01",
          "title": "GET Objects",
          "fullFile": "/Users/a1234/Documents/QA /materi 7/test/GET_object.js",
          "file": "/test/GET_object.js",
          "beforeHooks": [],
          "afterHooks": [],
          "tests": [
            {
              "title": "succes Get Objects",
              "fullTitle": "GET Objects succes Get Objects",
              "timedOut": false,
              "duration": 372,
              "state": "passed",
              "speed": "slow",
              "pass": true,
              "fail": false,
              "pending": false,
              "context": null,
              "code": "const response = await supertest('https://api.restful-api.dev').get('/objects/7')\nconsole.log(response.body)\nexpect(response.status).equal(200)\nexpect(response.body.name).equal('Apple MacBook Pro 16')",
              "err": {},
              "uuid": "83a2016e-3c17-48cb-af8a-573422401c64",
              "parentUUID": "2de9ce21-4887-47e1-a568-215fe9aadd01",
              "isHook": false,
              "skipped": false
            }
          ],
          "suites": [],
          "passes": [
            "83a2016e-3c17-48cb-af8a-573422401c64"
          ],
          "failures": [],
          "pending": [],
          "skipped": [],
          "duration": 372,
          "root": false,
          "rootEmpty": false,
          "_timeout": 2000
        },
        {
          "uuid": "b3197f0d-9690-4493-88c1-1ab30a394152",
          "title": "POST Objects",
          "fullFile": "/Users/a1234/Documents/QA /materi 7/test/POST_object.js",
          "file": "/test/POST_object.js",
          "beforeHooks": [],
          "afterHooks": [],
          "tests": [
            {
              "title": "succes Post Objects",
              "fullTitle": "POST Objects succes Post Objects",
              "timedOut": false,
              "duration": 0,
              "state": null,
              "speed": null,
              "pass": false,
              "fail": false,
              "pending": false,
              "context": null,
              "code": "const response = await supertest('https://api.restful-api.dev').post('/objects')\n    .send({\n        \"name\": \"Apple MacBook Pro 16\",\n        \"data\": {\n            \"year\": 2019,\n            \"price\": 1849.99,\n            \"CPU model\": \"Intel Core i9\",\n            \"Hard disk size\": \"1 TB\"\n        }\n    })\n    .set('Content-Type', 'application/json')\nconsole.log(response.body)\nexpect(response.status).equal(200)\nexpect(response.body.name).equal('Apple MacBook Pro 16')",
              "err": {},
              "uuid": "2a2bd3d3-0808-4956-aefd-1d996186277a",
              "parentUUID": null,
              "isHook": false,
              "skipped": true
            }
          ],
          "suites": [],
          "passes": [],
          "failures": [],
          "pending": [],
          "skipped": [
            "2a2bd3d3-0808-4956-aefd-1d996186277a"
          ],
          "duration": 0,
          "root": false,
          "rootEmpty": false,
          "_timeout": 2000
        }
      ],
      "passes": [],
      "failures": [],
      "pending": [],
      "skipped": [],
      "duration": 0,
      "root": true,
      "rootEmpty": true,
      "_timeout": 2000
    }
  ],
  "meta": {
    "mocha": {
      "version": "10.4.0"
    },
    "mochawesome": {
      "options": {
        "quiet": false,
        "reportFilename": "mochawesome",
        "saveHtml": true,
        "saveJson": true,
        "consoleReporter": "spec",
        "useInlineDiffs": false,
        "code": true
      },
      "version": "7.1.3"
    },
    "marge": {
      "options": {
        "autoOpen": "true"
      },
      "version": "6.2.0"
    }
  }
}